<?xml version="1.0" encoding="UTF-8"?>
<!-- Generated by org.testng.reporters.JUnitXMLReporter -->
<testsuite ignored="1" hostname="DESKTOP-EULJV3S" failures="0" tests="2" name="Test" time="0.064" errors="0" timestamp="2024-01-08T17:24:27 IST">
  <testcase classname="seleniumProgramms.Btest" name="btes" time="0.011"/>
  <testcase classname="seleniumProgramms.Atest" name="atest" time="0.002"/>
  <testcase classname="seleniumProgramms.Atest" name="ates1t" time="0.0">
    <ignored/>
  </testcase> <!-- ates1t -->
</testsuite> <!-- Test -->
